Build started 5/23/2019 4:44:22 PM.
     1>Project "C:\Users\Silas Grossberndt\Documents\Visual Studio 2015\Projects\Lagrangian_solving\Lagrangian_solving\Lagrangian_solving.vcxproj" on node 2 (Build target(s)).
     1>ClCompile:
         C:\Program Files (x86)\Microsoft Visual Studio 14.0\VC\bin\CL.exe /c /ZI /nologo /W3 /WX- /sdl /Od /Oy- /D WIN32 /D _DEBUG /D _CONSOLE /D _UNICODE /D UNICODE /Gm /EHsc /RTC1 /MDd /GS /fp:precise /Zc:wchar_t /Zc:forScope /Zc:inline /Yu"stdafx.h" /Fp"Debug\Lagrangian_solving.pch" /Fo"Debug\\" /Fd"Debug\vc140.pdb" /Gd /TP /analyze- /errorReport:prompt Lagrangian_solving.cpp
         Lagrangian_solving.cpp
     1>c:\users\silas grossberndt\documents\visual studio 2015\projects\calc.h(21): error C2143: syntax error: missing ';' before '}'
     1>c:\users\silas grossberndt\documents\visual studio 2015\projects\lagrangian_solving\lagrangian_solving\lagrangian_solving.cpp(8): fatal error C1083: Cannot open include file: 'TH1.h': No such file or directory
     1>Done Building Project "C:\Users\Silas Grossberndt\Documents\Visual Studio 2015\Projects\Lagrangian_solving\Lagrangian_solving\Lagrangian_solving.vcxproj" (Build target(s)) -- FAILED.

Build FAILED.

Time Elapsed 00:00:01.34
